[0.649s] Invoking command in '/home/ryan/Desktop/CS560/HW1/f24_robotics/webots_ros2_homework1_python': PYTHONPATH=/home/ryan/Desktop/CS560/HW1/f24_robotics/build/webots_ros2_homework1_python/prefix_override:/usr/lib/python3/dist-packages/colcon_core/task/python/colcon_distutils_commands:/home/ryan/Desktop/CS560/HW1/f24_robotics/install/webots_ros2_homework1_python/lib/python3.10/site-packages:${PYTHONPATH} /usr/bin/python3 -W ignore:setup.py install is deprecated setup.py egg_info --egg-base ../build/webots_ros2_homework1_python build --build-base /home/ryan/Desktop/CS560/HW1/f24_robotics/build/webots_ros2_homework1_python/build install --record /home/ryan/Desktop/CS560/HW1/f24_robotics/build/webots_ros2_homework1_python/install.log --single-version-externally-managed install_data
[0.856s] running egg_info
[0.856s] writing ../build/webots_ros2_homework1_python/webots_ros2_homework1_python.egg-info/PKG-INFO
[0.857s] writing dependency_links to ../build/webots_ros2_homework1_python/webots_ros2_homework1_python.egg-info/dependency_links.txt
[0.857s] writing entry points to ../build/webots_ros2_homework1_python/webots_ros2_homework1_python.egg-info/entry_points.txt
[0.857s] writing requirements to ../build/webots_ros2_homework1_python/webots_ros2_homework1_python.egg-info/requires.txt
[0.857s] writing top-level names to ../build/webots_ros2_homework1_python/webots_ros2_homework1_python.egg-info/top_level.txt
[0.858s] reading manifest file '../build/webots_ros2_homework1_python/webots_ros2_homework1_python.egg-info/SOURCES.txt'
[0.859s] writing manifest file '../build/webots_ros2_homework1_python/webots_ros2_homework1_python.egg-info/SOURCES.txt'
[0.859s] running build
[0.859s] running build_py
[0.859s] copying webots_ros2_homework1_python/webots_ros2_homework1_python.py -> /home/ryan/Desktop/CS560/HW1/f24_robotics/build/webots_ros2_homework1_python/build/lib/webots_ros2_homework1_python
[0.859s] running install
[0.860s] running install_lib
[0.860s] copying /home/ryan/Desktop/CS560/HW1/f24_robotics/build/webots_ros2_homework1_python/build/lib/webots_ros2_homework1_python/webots_ros2_homework1_python.py -> /home/ryan/Desktop/CS560/HW1/f24_robotics/install/webots_ros2_homework1_python/lib/python3.10/site-packages/webots_ros2_homework1_python
[0.861s] byte-compiling /home/ryan/Desktop/CS560/HW1/f24_robotics/install/webots_ros2_homework1_python/lib/python3.10/site-packages/webots_ros2_homework1_python/webots_ros2_homework1_python.py to webots_ros2_homework1_python.cpython-310.pyc
[0.862s] running install_data
[0.862s] running install_egg_info
[0.863s] removing '/home/ryan/Desktop/CS560/HW1/f24_robotics/install/webots_ros2_homework1_python/lib/python3.10/site-packages/webots_ros2_homework1_python-0.0.0-py3.10.egg-info' (and everything under it)
[0.864s] Copying ../build/webots_ros2_homework1_python/webots_ros2_homework1_python.egg-info to /home/ryan/Desktop/CS560/HW1/f24_robotics/install/webots_ros2_homework1_python/lib/python3.10/site-packages/webots_ros2_homework1_python-0.0.0-py3.10.egg-info
[0.864s] running install_scripts
[0.882s] Installing webots_ros2_homework1_python script to /home/ryan/Desktop/CS560/HW1/f24_robotics/install/webots_ros2_homework1_python/lib/webots_ros2_homework1_python
[0.882s] writing list of installed files to '/home/ryan/Desktop/CS560/HW1/f24_robotics/build/webots_ros2_homework1_python/install.log'
[0.944s] Invoked command in '/home/ryan/Desktop/CS560/HW1/f24_robotics/webots_ros2_homework1_python' returned '0': PYTHONPATH=/home/ryan/Desktop/CS560/HW1/f24_robotics/build/webots_ros2_homework1_python/prefix_override:/usr/lib/python3/dist-packages/colcon_core/task/python/colcon_distutils_commands:/home/ryan/Desktop/CS560/HW1/f24_robotics/install/webots_ros2_homework1_python/lib/python3.10/site-packages:${PYTHONPATH} /usr/bin/python3 -W ignore:setup.py install is deprecated setup.py egg_info --egg-base ../build/webots_ros2_homework1_python build --build-base /home/ryan/Desktop/CS560/HW1/f24_robotics/build/webots_ros2_homework1_python/build install --record /home/ryan/Desktop/CS560/HW1/f24_robotics/build/webots_ros2_homework1_python/install.log --single-version-externally-managed install_data
