[1.011s] Invoking command in '/home/ryan/Desktop/CS560/HW1/f24_robotics/webots_ros2_homework1_python': PYTHONPATH=/home/ryan/Desktop/CS560/HW1/f24_robotics/build/webots_ros2_homework1_python/prefix_override:/usr/lib/python3/dist-packages/colcon_core/task/python/colcon_distutils_commands:/home/ryan/Desktop/CS560/HW1/f24_robotics/install/webots_ros2_homework1_python/lib/python3.10/site-packages:${PYTHONPATH} /usr/bin/python3 -W ignore:setup.py install is deprecated setup.py egg_info --egg-base ../build/webots_ros2_homework1_python build --build-base /home/ryan/Desktop/CS560/HW1/f24_robotics/build/webots_ros2_homework1_python/build install --record /home/ryan/Desktop/CS560/HW1/f24_robotics/build/webots_ros2_homework1_python/install.log --single-version-externally-managed install_data
[1.393s] running egg_info
[1.393s] writing ../build/webots_ros2_homework1_python/webots_ros2_homework1_python.egg-info/PKG-INFO
[1.393s] writing dependency_links to ../build/webots_ros2_homework1_python/webots_ros2_homework1_python.egg-info/dependency_links.txt
[1.394s] writing entry points to ../build/webots_ros2_homework1_python/webots_ros2_homework1_python.egg-info/entry_points.txt
[1.394s] writing requirements to ../build/webots_ros2_homework1_python/webots_ros2_homework1_python.egg-info/requires.txt
[1.394s] writing top-level names to ../build/webots_ros2_homework1_python/webots_ros2_homework1_python.egg-info/top_level.txt
[1.395s] reading manifest file '../build/webots_ros2_homework1_python/webots_ros2_homework1_python.egg-info/SOURCES.txt'
[1.396s] writing manifest file '../build/webots_ros2_homework1_python/webots_ros2_homework1_python.egg-info/SOURCES.txt'
[1.396s] running build
[1.396s] running build_py
[1.397s] copying webots_ros2_homework1_python/webots_ros2_homework1_python.py -> /home/ryan/Desktop/CS560/HW1/f24_robotics/build/webots_ros2_homework1_python/build/lib/webots_ros2_homework1_python
[1.397s] running install
[1.397s] running install_lib
[1.398s] copying /home/ryan/Desktop/CS560/HW1/f24_robotics/build/webots_ros2_homework1_python/build/lib/webots_ros2_homework1_python/webots_ros2_homework1_python.py -> /home/ryan/Desktop/CS560/HW1/f24_robotics/install/webots_ros2_homework1_python/lib/python3.10/site-packages/webots_ros2_homework1_python
[1.399s] byte-compiling /home/ryan/Desktop/CS560/HW1/f24_robotics/install/webots_ros2_homework1_python/lib/python3.10/site-packages/webots_ros2_homework1_python/webots_ros2_homework1_python.py to webots_ros2_homework1_python.cpython-310.pyc
[1.403s] running install_data
[1.403s] running install_egg_info
[1.408s] removing '/home/ryan/Desktop/CS560/HW1/f24_robotics/install/webots_ros2_homework1_python/lib/python3.10/site-packages/webots_ros2_homework1_python-0.0.0-py3.10.egg-info' (and everything under it)
[1.409s] Copying ../build/webots_ros2_homework1_python/webots_ros2_homework1_python.egg-info to /home/ryan/Desktop/CS560/HW1/f24_robotics/install/webots_ros2_homework1_python/lib/python3.10/site-packages/webots_ros2_homework1_python-0.0.0-py3.10.egg-info
[1.410s] running install_scripts
[1.455s] Installing webots_ros2_homework1_python script to /home/ryan/Desktop/CS560/HW1/f24_robotics/install/webots_ros2_homework1_python/lib/webots_ros2_homework1_python
[1.458s] writing list of installed files to '/home/ryan/Desktop/CS560/HW1/f24_robotics/build/webots_ros2_homework1_python/install.log'
[1.588s] Invoked command in '/home/ryan/Desktop/CS560/HW1/f24_robotics/webots_ros2_homework1_python' returned '0': PYTHONPATH=/home/ryan/Desktop/CS560/HW1/f24_robotics/build/webots_ros2_homework1_python/prefix_override:/usr/lib/python3/dist-packages/colcon_core/task/python/colcon_distutils_commands:/home/ryan/Desktop/CS560/HW1/f24_robotics/install/webots_ros2_homework1_python/lib/python3.10/site-packages:${PYTHONPATH} /usr/bin/python3 -W ignore:setup.py install is deprecated setup.py egg_info --egg-base ../build/webots_ros2_homework1_python build --build-base /home/ryan/Desktop/CS560/HW1/f24_robotics/build/webots_ros2_homework1_python/build install --record /home/ryan/Desktop/CS560/HW1/f24_robotics/build/webots_ros2_homework1_python/install.log --single-version-externally-managed install_data
