[0.715s] Invoking command in '/home/ryan/Desktop/CS560/HW1/f24_robotics/webots_ros2_homework1_python': PYTHONPATH=/home/ryan/Desktop/CS560/HW1/f24_robotics/build/webots_ros2_homework1_python/prefix_override:/usr/lib/python3/dist-packages/colcon_core/task/python/colcon_distutils_commands:/home/ryan/Desktop/CS560/HW1/f24_robotics/install/webots_ros2_homework1_python/lib/python3.10/site-packages:${PYTHONPATH} /usr/bin/python3 -W ignore:setup.py install is deprecated setup.py egg_info --egg-base ../build/webots_ros2_homework1_python build --build-base /home/ryan/Desktop/CS560/HW1/f24_robotics/build/webots_ros2_homework1_python/build install --record /home/ryan/Desktop/CS560/HW1/f24_robotics/build/webots_ros2_homework1_python/install.log --single-version-externally-managed install_data
[1.010s] running egg_info
[1.011s] writing ../build/webots_ros2_homework1_python/webots_ros2_homework1_python.egg-info/PKG-INFO
[1.012s] writing dependency_links to ../build/webots_ros2_homework1_python/webots_ros2_homework1_python.egg-info/dependency_links.txt
[1.012s] writing entry points to ../build/webots_ros2_homework1_python/webots_ros2_homework1_python.egg-info/entry_points.txt
[1.012s] writing requirements to ../build/webots_ros2_homework1_python/webots_ros2_homework1_python.egg-info/requires.txt
[1.012s] writing top-level names to ../build/webots_ros2_homework1_python/webots_ros2_homework1_python.egg-info/top_level.txt
[1.013s] reading manifest file '../build/webots_ros2_homework1_python/webots_ros2_homework1_python.egg-info/SOURCES.txt'
[1.015s] writing manifest file '../build/webots_ros2_homework1_python/webots_ros2_homework1_python.egg-info/SOURCES.txt'
[1.015s] running build
[1.015s] running build_py
[1.015s] running install
[1.016s] running install_lib
[1.017s] running install_data
[1.018s] running install_egg_info
[1.025s] removing '/home/ryan/Desktop/CS560/HW1/f24_robotics/install/webots_ros2_homework1_python/lib/python3.10/site-packages/webots_ros2_homework1_python-0.0.0-py3.10.egg-info' (and everything under it)
[1.025s] Copying ../build/webots_ros2_homework1_python/webots_ros2_homework1_python.egg-info to /home/ryan/Desktop/CS560/HW1/f24_robotics/install/webots_ros2_homework1_python/lib/python3.10/site-packages/webots_ros2_homework1_python-0.0.0-py3.10.egg-info
[1.026s] running install_scripts
[1.078s] Installing webots_ros2_homework1_python script to /home/ryan/Desktop/CS560/HW1/f24_robotics/install/webots_ros2_homework1_python/lib/webots_ros2_homework1_python
[1.078s] writing list of installed files to '/home/ryan/Desktop/CS560/HW1/f24_robotics/build/webots_ros2_homework1_python/install.log'
[1.256s] Invoked command in '/home/ryan/Desktop/CS560/HW1/f24_robotics/webots_ros2_homework1_python' returned '0': PYTHONPATH=/home/ryan/Desktop/CS560/HW1/f24_robotics/build/webots_ros2_homework1_python/prefix_override:/usr/lib/python3/dist-packages/colcon_core/task/python/colcon_distutils_commands:/home/ryan/Desktop/CS560/HW1/f24_robotics/install/webots_ros2_homework1_python/lib/python3.10/site-packages:${PYTHONPATH} /usr/bin/python3 -W ignore:setup.py install is deprecated setup.py egg_info --egg-base ../build/webots_ros2_homework1_python build --build-base /home/ryan/Desktop/CS560/HW1/f24_robotics/build/webots_ros2_homework1_python/build install --record /home/ryan/Desktop/CS560/HW1/f24_robotics/build/webots_ros2_homework1_python/install.log --single-version-externally-managed install_data
