[0.755s] Invoking command in '/home/ryan/Desktop/CS560/HW1/f24_robotics/webots_ros2_homework1_python': PYTHONPATH=/home/ryan/Desktop/CS560/HW1/f24_robotics/build/webots_ros2_homework1_python/prefix_override:/usr/lib/python3/dist-packages/colcon_core/task/python/colcon_distutils_commands:/home/ryan/Desktop/CS560/HW1/f24_robotics/install/webots_ros2_homework1_python/lib/python3.10/site-packages:${PYTHONPATH} /usr/bin/python3 -W ignore:setup.py install is deprecated setup.py egg_info --egg-base ../build/webots_ros2_homework1_python build --build-base /home/ryan/Desktop/CS560/HW1/f24_robotics/build/webots_ros2_homework1_python/build install --record /home/ryan/Desktop/CS560/HW1/f24_robotics/build/webots_ros2_homework1_python/install.log --single-version-externally-managed install_data
[0.923s] running egg_info
[0.924s] creating ../build/webots_ros2_homework1_python/webots_ros2_homework1_python.egg-info
[0.924s] writing ../build/webots_ros2_homework1_python/webots_ros2_homework1_python.egg-info/PKG-INFO
[0.924s] writing dependency_links to ../build/webots_ros2_homework1_python/webots_ros2_homework1_python.egg-info/dependency_links.txt
[0.924s] writing entry points to ../build/webots_ros2_homework1_python/webots_ros2_homework1_python.egg-info/entry_points.txt
[0.924s] writing requirements to ../build/webots_ros2_homework1_python/webots_ros2_homework1_python.egg-info/requires.txt
[0.924s] writing top-level names to ../build/webots_ros2_homework1_python/webots_ros2_homework1_python.egg-info/top_level.txt
[0.924s] writing manifest file '../build/webots_ros2_homework1_python/webots_ros2_homework1_python.egg-info/SOURCES.txt'
[0.925s] reading manifest file '../build/webots_ros2_homework1_python/webots_ros2_homework1_python.egg-info/SOURCES.txt'
[0.926s] writing manifest file '../build/webots_ros2_homework1_python/webots_ros2_homework1_python.egg-info/SOURCES.txt'
[0.926s] running build
[0.926s] running build_py
[0.926s] creating /home/ryan/Desktop/CS560/HW1/f24_robotics/build/webots_ros2_homework1_python/build
[0.926s] creating /home/ryan/Desktop/CS560/HW1/f24_robotics/build/webots_ros2_homework1_python/build/lib
[0.926s] creating /home/ryan/Desktop/CS560/HW1/f24_robotics/build/webots_ros2_homework1_python/build/lib/webots_ros2_homework1_python
[0.926s] copying webots_ros2_homework1_python/__init__.py -> /home/ryan/Desktop/CS560/HW1/f24_robotics/build/webots_ros2_homework1_python/build/lib/webots_ros2_homework1_python
[0.926s] copying webots_ros2_homework1_python/webots_ros2_homework1_python.py -> /home/ryan/Desktop/CS560/HW1/f24_robotics/build/webots_ros2_homework1_python/build/lib/webots_ros2_homework1_python
[0.926s] running install
[0.926s] running install_lib
[0.927s] creating /home/ryan/Desktop/CS560/HW1/f24_robotics/install/webots_ros2_homework1_python/lib/python3.10/site-packages/webots_ros2_homework1_python
[0.927s] copying /home/ryan/Desktop/CS560/HW1/f24_robotics/build/webots_ros2_homework1_python/build/lib/webots_ros2_homework1_python/__init__.py -> /home/ryan/Desktop/CS560/HW1/f24_robotics/install/webots_ros2_homework1_python/lib/python3.10/site-packages/webots_ros2_homework1_python
[0.927s] copying /home/ryan/Desktop/CS560/HW1/f24_robotics/build/webots_ros2_homework1_python/build/lib/webots_ros2_homework1_python/webots_ros2_homework1_python.py -> /home/ryan/Desktop/CS560/HW1/f24_robotics/install/webots_ros2_homework1_python/lib/python3.10/site-packages/webots_ros2_homework1_python
[0.927s] byte-compiling /home/ryan/Desktop/CS560/HW1/f24_robotics/install/webots_ros2_homework1_python/lib/python3.10/site-packages/webots_ros2_homework1_python/__init__.py to __init__.cpython-310.pyc
[0.927s] byte-compiling /home/ryan/Desktop/CS560/HW1/f24_robotics/install/webots_ros2_homework1_python/lib/python3.10/site-packages/webots_ros2_homework1_python/webots_ros2_homework1_python.py to webots_ros2_homework1_python.cpython-310.pyc
[0.928s] running install_data
[0.928s] creating /home/ryan/Desktop/CS560/HW1/f24_robotics/install/webots_ros2_homework1_python/share/ament_index
[0.928s] creating /home/ryan/Desktop/CS560/HW1/f24_robotics/install/webots_ros2_homework1_python/share/ament_index/resource_index
[0.928s] creating /home/ryan/Desktop/CS560/HW1/f24_robotics/install/webots_ros2_homework1_python/share/ament_index/resource_index/packages
[0.928s] copying resource/webots_ros2_homework1_python -> /home/ryan/Desktop/CS560/HW1/f24_robotics/install/webots_ros2_homework1_python/share/ament_index/resource_index/packages
[0.928s] creating /home/ryan/Desktop/CS560/HW1/f24_robotics/install/webots_ros2_homework1_python/share/webots_ros2_homework1_python/launch
[0.928s] copying launch/f23_robotics_1_launch.py -> /home/ryan/Desktop/CS560/HW1/f24_robotics/install/webots_ros2_homework1_python/share/webots_ros2_homework1_python/launch
[0.928s] creating /home/ryan/Desktop/CS560/HW1/f24_robotics/install/webots_ros2_homework1_python/share/webots_ros2_homework1_python/worlds
[0.928s] copying worlds/f23_robotics_1.wbt -> /home/ryan/Desktop/CS560/HW1/f24_robotics/install/webots_ros2_homework1_python/share/webots_ros2_homework1_python/worlds
[0.929s] copying package.xml -> /home/ryan/Desktop/CS560/HW1/f24_robotics/install/webots_ros2_homework1_python/share/webots_ros2_homework1_python
[0.929s] creating /home/ryan/Desktop/CS560/HW1/f24_robotics/install/webots_ros2_homework1_python/share/webots_ros2_homework1_python/resource
[0.929s] copying resource/turtlebot_webots.urdf -> /home/ryan/Desktop/CS560/HW1/f24_robotics/install/webots_ros2_homework1_python/share/webots_ros2_homework1_python/resource
[0.929s] copying resource/ros2control.yml -> /home/ryan/Desktop/CS560/HW1/f24_robotics/install/webots_ros2_homework1_python/share/webots_ros2_homework1_python/resource
[0.929s] running install_egg_info
[0.930s] Copying ../build/webots_ros2_homework1_python/webots_ros2_homework1_python.egg-info to /home/ryan/Desktop/CS560/HW1/f24_robotics/install/webots_ros2_homework1_python/lib/python3.10/site-packages/webots_ros2_homework1_python-0.0.0-py3.10.egg-info
[0.931s] running install_scripts
[0.944s] Installing webots_ros2_homework1_python script to /home/ryan/Desktop/CS560/HW1/f24_robotics/install/webots_ros2_homework1_python/lib/webots_ros2_homework1_python
[0.945s] writing list of installed files to '/home/ryan/Desktop/CS560/HW1/f24_robotics/build/webots_ros2_homework1_python/install.log'
[0.961s] Invoked command in '/home/ryan/Desktop/CS560/HW1/f24_robotics/webots_ros2_homework1_python' returned '0': PYTHONPATH=/home/ryan/Desktop/CS560/HW1/f24_robotics/build/webots_ros2_homework1_python/prefix_override:/usr/lib/python3/dist-packages/colcon_core/task/python/colcon_distutils_commands:/home/ryan/Desktop/CS560/HW1/f24_robotics/install/webots_ros2_homework1_python/lib/python3.10/site-packages:${PYTHONPATH} /usr/bin/python3 -W ignore:setup.py install is deprecated setup.py egg_info --egg-base ../build/webots_ros2_homework1_python build --build-base /home/ryan/Desktop/CS560/HW1/f24_robotics/build/webots_ros2_homework1_python/build install --record /home/ryan/Desktop/CS560/HW1/f24_robotics/build/webots_ros2_homework1_python/install.log --single-version-externally-managed install_data
