[0.823s] Invoking command in '/home/ryan/Desktop/CS560/HW1/f24_robotics/webots_ros2_homework1_python': PYTHONPATH=/home/ryan/Desktop/CS560/HW1/f24_robotics/build/webots_ros2_homework1_python/prefix_override:/usr/lib/python3/dist-packages/colcon_core/task/python/colcon_distutils_commands:/home/ryan/Desktop/CS560/HW1/f24_robotics/install/webots_ros2_homework1_python/lib/python3.10/site-packages:${PYTHONPATH} /usr/bin/python3 -W ignore:setup.py install is deprecated setup.py egg_info --egg-base ../build/webots_ros2_homework1_python build --build-base /home/ryan/Desktop/CS560/HW1/f24_robotics/build/webots_ros2_homework1_python/build install --record /home/ryan/Desktop/CS560/HW1/f24_robotics/build/webots_ros2_homework1_python/install.log --single-version-externally-managed install_data
[1.115s] running egg_info
[1.116s] writing ../build/webots_ros2_homework1_python/webots_ros2_homework1_python.egg-info/PKG-INFO
[1.116s] writing dependency_links to ../build/webots_ros2_homework1_python/webots_ros2_homework1_python.egg-info/dependency_links.txt
[1.116s] writing entry points to ../build/webots_ros2_homework1_python/webots_ros2_homework1_python.egg-info/entry_points.txt
[1.116s] writing requirements to ../build/webots_ros2_homework1_python/webots_ros2_homework1_python.egg-info/requires.txt
[1.116s] writing top-level names to ../build/webots_ros2_homework1_python/webots_ros2_homework1_python.egg-info/top_level.txt
[1.118s] reading manifest file '../build/webots_ros2_homework1_python/webots_ros2_homework1_python.egg-info/SOURCES.txt'
[1.122s] writing manifest file '../build/webots_ros2_homework1_python/webots_ros2_homework1_python.egg-info/SOURCES.txt'
[1.122s] running build
[1.122s] running build_py
[1.123s] copying webots_ros2_homework1_python/webots_ros2_homework1_python.py -> /home/ryan/Desktop/CS560/HW1/f24_robotics/build/webots_ros2_homework1_python/build/lib/webots_ros2_homework1_python
[1.123s] running install
[1.123s] running install_lib
[1.124s] copying /home/ryan/Desktop/CS560/HW1/f24_robotics/build/webots_ros2_homework1_python/build/lib/webots_ros2_homework1_python/webots_ros2_homework1_python.py -> /home/ryan/Desktop/CS560/HW1/f24_robotics/install/webots_ros2_homework1_python/lib/python3.10/site-packages/webots_ros2_homework1_python
[1.125s] byte-compiling /home/ryan/Desktop/CS560/HW1/f24_robotics/install/webots_ros2_homework1_python/lib/python3.10/site-packages/webots_ros2_homework1_python/webots_ros2_homework1_python.py to webots_ros2_homework1_python.cpython-310.pyc
[1.128s] running install_data
[1.128s]   File "/home/ryan/Desktop/CS560/HW1/f24_robotics/install/webots_ros2_homework1_python/lib/python3.10/site-packages/webots_ros2_homework1_python/webots_ros2_homework1_python.py", line 109
[1.128s]     elif(right_lider_min / 2 <=):
[1.128s]                                ^
[1.129s] SyntaxError: invalid syntax
[1.129s] 
[1.129s] running install_egg_info
[1.133s] removing '/home/ryan/Desktop/CS560/HW1/f24_robotics/install/webots_ros2_homework1_python/lib/python3.10/site-packages/webots_ros2_homework1_python-0.0.0-py3.10.egg-info' (and everything under it)
[1.133s] Copying ../build/webots_ros2_homework1_python/webots_ros2_homework1_python.egg-info to /home/ryan/Desktop/CS560/HW1/f24_robotics/install/webots_ros2_homework1_python/lib/python3.10/site-packages/webots_ros2_homework1_python-0.0.0-py3.10.egg-info
[1.134s] running install_scripts
[1.175s] Installing webots_ros2_homework1_python script to /home/ryan/Desktop/CS560/HW1/f24_robotics/install/webots_ros2_homework1_python/lib/webots_ros2_homework1_python
[1.177s] writing list of installed files to '/home/ryan/Desktop/CS560/HW1/f24_robotics/build/webots_ros2_homework1_python/install.log'
[1.280s] Invoked command in '/home/ryan/Desktop/CS560/HW1/f24_robotics/webots_ros2_homework1_python' returned '0': PYTHONPATH=/home/ryan/Desktop/CS560/HW1/f24_robotics/build/webots_ros2_homework1_python/prefix_override:/usr/lib/python3/dist-packages/colcon_core/task/python/colcon_distutils_commands:/home/ryan/Desktop/CS560/HW1/f24_robotics/install/webots_ros2_homework1_python/lib/python3.10/site-packages:${PYTHONPATH} /usr/bin/python3 -W ignore:setup.py install is deprecated setup.py egg_info --egg-base ../build/webots_ros2_homework1_python build --build-base /home/ryan/Desktop/CS560/HW1/f24_robotics/build/webots_ros2_homework1_python/build install --record /home/ryan/Desktop/CS560/HW1/f24_robotics/build/webots_ros2_homework1_python/install.log --single-version-externally-managed install_data
